<?xml version="1.0" encoding="UTF-8"?>
<!-- Generated by org.testng.reporters.JUnitReportReporter -->
<testsuite skipped="0" hostname="DESKTOP-2F3S0DP" name="test.TestBrowser" tests="1" failures="0" timestamp="2023-01-13T10:30:03 CST" time="2.525" errors="0">
  <testcase name="test" time="2.525" classname="test.TestBrowser"/>
  <system-out/>
</testsuite> <!-- test.TestBrowser -->
