<?xml version="1.0" encoding="UTF-8"?>
<!-- Generated by org.testng.reporters.JUnitReportReporter -->
<testsuite skipped="0" hostname="DESKTOP-2F3S0DP" name="test.TestBrowser" tests="1" failures="0" timestamp="2022-07-23T13:58:11 CDT" time="2.648" errors="0">
  <testcase name="test" time="2.648" classname="test.TestBrowser"/>
  <system-out/>
</testsuite> <!-- test.TestBrowser -->
