<?xml version="1.0" encoding="UTF-8"?>
<!-- Generated by org.testng.reporters.JUnitReportReporter -->
<testsuite skipped="0" hostname="DESKTOP-2F3S0DP" name="test.AddCustomerTest" tests="1" failures="0" timestamp="2023-01-13T10:40:34 CST" time="9.173" errors="0">
  <testcase name="userShouldBeAbleToCreateCustomer" time="9.173" classname="test.AddCustomerTest"/>
  <system-out/>
</testsuite> <!-- test.AddCustomerTest -->
